<?xml version="1.0" encoding="UTF-8"?>
<!-- Generated by org.testng.reporters.JUnitReportReporter -->
<testsuite hostname="SUCK-NAA3N" name="com.NDTV.TestCases.NDTVHomePageTest" tests="2" failures="0" timestamp="13 Dec 2020 19:24:27 GMT" time="18.377" errors="0">
  <testcase name="verifyNDTVWeatherPage" time="15.096" classname="com.NDTV.TestCases.NDTVHomePageTest"/>
  <testcase name="validateRestAPIInfoAganistUIValues" time="3.281" classname="com.NDTV.TestCases.NDTVHomePageTest"/>
</testsuite> <!-- com.NDTV.TestCases.NDTVHomePageTest -->
